TN:
SF:server.js
FN:9,(anonymous_0)
FN:22,(anonymous_1)
FN:39,(anonymous_2)
FN:71,(anonymous_3)
FNF:4
FNH:3
FNDA:2,(anonymous_0)
FNDA:3,(anonymous_1)
FNDA:0,(anonymous_2)
FNDA:1,(anonymous_3)
DA:1,1
DA:2,1
DA:3,1
DA:5,1
DA:6,1
DA:7,1
DA:9,1
DA:10,2
DA:12,2
DA:13,2
DA:15,0
DA:16,0
DA:22,1
DA:23,3
DA:24,3
DA:26,3
DA:27,3
DA:28,1
DA:30,2
DA:32,0
DA:33,0
DA:39,1
DA:40,0
DA:42,0
DA:55,0
DA:56,0
DA:58,0
DA:64,0
DA:71,1
DA:72,1
DA:75,1
LF:31
LH:21
BRDA:17,0,0,0
BRDA:17,0,1,0
BRDA:18,1,0,0
BRDA:18,1,1,0
BRDA:27,2,0,1
BRDA:27,2,1,2
BRDA:34,3,0,0
BRDA:34,3,1,0
BRDA:35,4,0,0
BRDA:35,4,1,0
BRF:10
BRH:2
end_of_record
