{"C:\\IITC\\05.09.2024\\project\\server.js": {"path":"C:\\IITC\\05.09.2024\\project\\server.js","statementMap":{"0":{"start":{"line":1,"column":16},"end":{"line":1,"column":34}},"1":{"start":{"line":2,"column":14},"end":{"line":2,"column":30}},"2":{"start":{"line":3,"column":0},"end":{"line":3,"column":27}},"3":{"start":{"line":5,"column":12},"end":{"line":5,"column":21}},"4":{"start":{"line":6,"column":13},"end":{"line":6,"column":17}},"5":{"start":{"line":7,"column":16},"end":{"line":7,"column":42}},"6":{"start":{"line":9,"column":0},"end":{"line":20,"column":3}},"7":{"start":{"line":10,"column":2},"end":{"line":19,"column":3}},"8":{"start":{"line":12,"column":21},"end":{"line":12,"column":59}},"9":{"start":{"line":13,"column":4},"end":{"line":13,"column":28}},"10":{"start":{"line":15,"column":4},"end":{"line":15,"column":61}},"11":{"start":{"line":16,"column":4},"end":{"line":18,"column":64}},"12":{"start":{"line":22,"column":0},"end":{"line":37,"column":3}},"13":{"start":{"line":23,"column":17},"end":{"line":23,"column":27}},"14":{"start":{"line":24,"column":2},"end":{"line":36,"column":3}},"15":{"start":{"line":26,"column":21},"end":{"line":26,"column":65}},"16":{"start":{"line":27,"column":4},"end":{"line":29,"column":5}},"17":{"start":{"line":28,"column":6},"end":{"line":28,"column":55}},"18":{"start":{"line":30,"column":4},"end":{"line":30,"column":28}},"19":{"start":{"line":32,"column":4},"end":{"line":32,"column":61}},"20":{"start":{"line":33,"column":4},"end":{"line":35,"column":64}},"21":{"start":{"line":39,"column":0},"end":{"line":69,"column":3}},"22":{"start":{"line":40,"column":2},"end":{"line":68,"column":3}},"23":{"start":{"line":42,"column":24},"end":{"line":53,"column":5}},"24":{"start":{"line":55,"column":27},"end":{"line":55,"column":52}},"25":{"start":{"line":56,"column":21},"end":{"line":56,"column":66}},"26":{"start":{"line":58,"column":4},"end":{"line":61,"column":7}},"27":{"start":{"line":64,"column":4},"end":{"line":67,"column":7}},"28":{"start":{"line":71,"column":0},"end":{"line":73,"column":3}},"29":{"start":{"line":72,"column":2},"end":{"line":72,"column":63}},"30":{"start":{"line":75,"column":0},"end":{"line":75,"column":21}}},"fnMap":{"0":{"name":"(anonymous_0)","decl":{"start":{"line":9,"column":21},"end":{"line":9,"column":22}},"loc":{"start":{"line":9,"column":41},"end":{"line":20,"column":1}},"line":9},"1":{"name":"(anonymous_1)","decl":{"start":{"line":22,"column":25},"end":{"line":22,"column":26}},"loc":{"start":{"line":22,"column":45},"end":{"line":37,"column":1}},"line":22},"2":{"name":"(anonymous_2)","decl":{"start":{"line":39,"column":26},"end":{"line":39,"column":27}},"loc":{"start":{"line":39,"column":46},"end":{"line":69,"column":1}},"line":39},"3":{"name":"(anonymous_3)","decl":{"start":{"line":71,"column":17},"end":{"line":71,"column":18}},"loc":{"start":{"line":71,"column":23},"end":{"line":73,"column":1}},"line":71}},"branchMap":{"0":{"loc":{"start":{"line":17,"column":14},"end":{"line":17,"column":58}},"type":"cond-expr","locations":[{"start":{"line":17,"column":31},"end":{"line":17,"column":52}},{"start":{"line":17,"column":55},"end":{"line":17,"column":58}}],"line":17},"1":{"loc":{"start":{"line":18,"column":21},"end":{"line":18,"column":60}},"type":"binary-expr","locations":[{"start":{"line":18,"column":21},"end":{"line":18,"column":34}},{"start":{"line":18,"column":38},"end":{"line":18,"column":60}}],"line":18},"2":{"loc":{"start":{"line":27,"column":4},"end":{"line":29,"column":5}},"type":"if","locations":[{"start":{"line":27,"column":4},"end":{"line":29,"column":5}},{"start":{},"end":{}}],"line":27},"3":{"loc":{"start":{"line":34,"column":14},"end":{"line":34,"column":58}},"type":"cond-expr","locations":[{"start":{"line":34,"column":31},"end":{"line":34,"column":52}},{"start":{"line":34,"column":55},"end":{"line":34,"column":58}}],"line":34},"4":{"loc":{"start":{"line":35,"column":21},"end":{"line":35,"column":60}},"type":"binary-expr","locations":[{"start":{"line":35,"column":21},"end":{"line":35,"column":34}},{"start":{"line":35,"column":38},"end":{"line":35,"column":60}}],"line":35}},"s":{"0":1,"1":1,"2":1,"3":1,"4":1,"5":1,"6":1,"7":2,"8":2,"9":2,"10":0,"11":0,"12":1,"13":3,"14":3,"15":3,"16":3,"17":1,"18":2,"19":0,"20":0,"21":1,"22":0,"23":0,"24":0,"25":0,"26":0,"27":0,"28":1,"29":1,"30":1},"f":{"0":2,"1":3,"2":0,"3":1},"b":{"0":[0,0],"1":[0,0],"2":[1,2],"3":[0,0],"4":[0,0]},"_coverageSchema":"1a1c01bbd47fc00a2c39e90264f33305004495a9","hash":"37abae7eff2074d8f4971b8db5c4f917ac17882e"}
}
